2021-11-28 14:07:48.039  INFO 6316 --- [restartedMain] c.p.s.SpringBootWebPaymentApplication    : Starting SpringBootWebPaymentApplication using Java 16.0.1 on EC2AMAZ-06474CL with PID 6316 (C:\Users\Administrator\Documents\workspace-spring-tool-suite-4-4.11.0.RELEASE\SpringBootWebPayment\target\classes started by Administrator in C:\Users\Administrator\Documents\workspace-spring-tool-suite-4-4.11.0.RELEASE\SpringBootWebPayment)
2021-11-28 14:07:48.047  INFO 6316 --- [restartedMain] c.p.s.SpringBootWebPaymentApplication    : No active profile set, falling back to default profiles: default
2021-11-28 14:07:48.174  INFO 6316 --- [restartedMain] .e.DevToolsPropertyDefaultsPostProcessor : Devtools property defaults active! Set 'spring.devtools.add-properties' to 'false' to disable
2021-11-28 14:07:48.176  INFO 6316 --- [restartedMain] .e.DevToolsPropertyDefaultsPostProcessor : For additional web related logging consider setting the 'logging.level.web' property to 'DEBUG'
2021-11-28 14:07:51.250  INFO 6316 --- [restartedMain] .s.d.r.c.RepositoryConfigurationDelegate : Multiple Spring Data modules found, entering strict repository configuration mode!
2021-11-28 14:07:51.253  INFO 6316 --- [restartedMain] .s.d.r.c.RepositoryConfigurationDelegate : Bootstrapping Spring Data JDBC repositories in DEFAULT mode.
2021-11-28 14:07:51.323  INFO 6316 --- [restartedMain] .RepositoryConfigurationExtensionSupport : Spring Data JDBC - Could not safely identify store assignment for repository candidate interface com.payment.spring.repository.BankRepository. If you want this repository to be a JDBC repository, consider annotating your entities with one of these annotations: org.springframework.data.relational.core.mapping.Table.
2021-11-28 14:07:51.325  INFO 6316 --- [restartedMain] .RepositoryConfigurationExtensionSupport : Spring Data JDBC - Could not safely identify store assignment for repository candidate interface com.payment.spring.repository.CustomerRepository. If you want this repository to be a JDBC repository, consider annotating your entities with one of these annotations: org.springframework.data.relational.core.mapping.Table.
2021-11-28 14:07:51.327  INFO 6316 --- [restartedMain] .RepositoryConfigurationExtensionSupport : Spring Data JDBC - Could not safely identify store assignment for repository candidate interface com.payment.spring.repository.TransactionRepository. If you want this repository to be a JDBC repository, consider annotating your entities with one of these annotations: org.springframework.data.relational.core.mapping.Table.
2021-11-28 14:07:51.328  INFO 6316 --- [restartedMain] .s.d.r.c.RepositoryConfigurationDelegate : Finished Spring Data repository scanning in 65 ms. Found 0 JDBC repository interfaces.
2021-11-28 14:07:51.341  INFO 6316 --- [restartedMain] .s.d.r.c.RepositoryConfigurationDelegate : Multiple Spring Data modules found, entering strict repository configuration mode!
2021-11-28 14:07:51.343  INFO 6316 --- [restartedMain] .s.d.r.c.RepositoryConfigurationDelegate : Bootstrapping Spring Data JPA repositories in DEFAULT mode.
2021-11-28 14:07:51.568  INFO 6316 --- [restartedMain] .s.d.r.c.RepositoryConfigurationDelegate : Finished Spring Data repository scanning in 203 ms. Found 3 JPA repository interfaces.
2021-11-28 14:07:53.422  INFO 6316 --- [restartedMain] o.s.b.w.embedded.tomcat.TomcatWebServer  : Tomcat initialized with port(s): 8080 (http)
2021-11-28 14:07:53.448  INFO 6316 --- [restartedMain] o.apache.catalina.core.StandardService   : Starting service [Tomcat]
2021-11-28 14:07:53.449  INFO 6316 --- [restartedMain] org.apache.catalina.core.StandardEngine  : Starting Servlet engine: [Apache Tomcat/9.0.54]
2021-11-28 14:07:53.714  INFO 6316 --- [restartedMain] o.a.c.c.C.[Tomcat].[localhost].[/]       : Initializing Spring embedded WebApplicationContext
2021-11-28 14:07:53.714  INFO 6316 --- [restartedMain] w.s.c.ServletWebServerApplicationContext : Root WebApplicationContext: initialization completed in 5538 ms
2021-11-28 14:07:53.763  INFO 6316 --- [restartedMain] com.zaxxer.hikari.HikariDataSource       : HikariPool-1 - Starting...
2021-11-28 14:07:54.283  INFO 6316 --- [restartedMain] com.zaxxer.hikari.HikariDataSource       : HikariPool-1 - Start completed.
2021-11-28 14:07:54.293  INFO 6316 --- [restartedMain] o.s.b.a.h2.H2ConsoleAutoConfiguration    : H2 console available at '/h2-console'. Database available at 'jdbc:mariadb://localhost:3307/paymentapp'
2021-11-28 14:07:54.799  INFO 6316 --- [restartedMain] o.hibernate.jpa.internal.util.LogHelper  : HHH000204: Processing PersistenceUnitInfo [name: default]
2021-11-28 14:07:55.268  INFO 6316 --- [restartedMain] org.hibernate.Version                    : HHH000412: Hibernate ORM core version 5.4.32.Final
2021-11-28 14:07:56.408  INFO 6316 --- [restartedMain] o.hibernate.annotations.common.Version   : HCANN000001: Hibernate Commons Annotations {5.1.2.Final}
2021-11-28 14:07:56.890  INFO 6316 --- [restartedMain] org.hibernate.dialect.Dialect            : HHH000400: Using dialect: org.hibernate.dialect.MariaDB103Dialect
2021-11-28 14:07:59.127  INFO 6316 --- [restartedMain] o.h.e.t.j.p.i.JtaPlatformInitiator       : HHH000490: Using JtaPlatform implementation: [org.hibernate.engine.transaction.jta.platform.internal.NoJtaPlatform]
2021-11-28 14:07:59.139  INFO 6316 --- [restartedMain] j.LocalContainerEntityManagerFactoryBean : Initialized JPA EntityManagerFactory for persistence unit 'default'
2021-11-28 14:08:00.015  WARN 6316 --- [restartedMain] ConfigServletWebServerApplicationContext : Exception encountered during context initialization - cancelling refresh attempt: org.springframework.beans.factory.UnsatisfiedDependencyException: Error creating bean with name 'customerController': Unsatisfied dependency expressed through field 'customerService'; nested exception is org.springframework.beans.factory.UnsatisfiedDependencyException: Error creating bean with name 'customerService': Unsatisfied dependency expressed through field 'sdnchecker'; nested exception is org.springframework.beans.factory.NoSuchBeanDefinitionException: No qualifying bean of type 'com.payment.spring.service.SdnChecker' available: expected at least 1 bean which qualifies as autowire candidate. Dependency annotations: {@org.springframework.beans.factory.annotation.Autowired(required=true)}
2021-11-28 14:08:00.018  INFO 6316 --- [restartedMain] j.LocalContainerEntityManagerFactoryBean : Closing JPA EntityManagerFactory for persistence unit 'default'
2021-11-28 14:08:00.037  INFO 6316 --- [restartedMain] com.zaxxer.hikari.HikariDataSource       : HikariPool-1 - Shutdown initiated...
2021-11-28 14:08:00.052  INFO 6316 --- [restartedMain] com.zaxxer.hikari.HikariDataSource       : HikariPool-1 - Shutdown completed.
2021-11-28 14:08:00.063  INFO 6316 --- [restartedMain] o.apache.catalina.core.StandardService   : Stopping service [Tomcat]
2021-11-28 14:08:00.108  INFO 6316 --- [restartedMain] ConditionEvaluationReportLoggingListener : 

Error starting ApplicationContext. To display the conditions report re-run your application with 'debug' enabled.
2021-11-28 14:08:00.191 ERROR 6316 --- [restartedMain] o.s.b.d.LoggingFailureAnalysisReporter   : 

***************************
APPLICATION FAILED TO START
***************************

Description:

Field sdnchecker in com.payment.spring.service.CustomerService required a bean of type 'com.payment.spring.service.SdnChecker' that could not be found.

The injection point has the following annotations:
	- @org.springframework.beans.factory.annotation.Autowired(required=true)


Action:

Consider defining a bean of type 'com.payment.spring.service.SdnChecker' in your configuration.

2021-11-28 14:18:10.269  INFO 5240 --- [restartedMain] c.p.s.SpringBootWebPaymentApplication    : Starting SpringBootWebPaymentApplication using Java 16.0.1 on EC2AMAZ-06474CL with PID 5240 (C:\Users\Administrator\Documents\workspace-spring-tool-suite-4-4.11.0.RELEASE\SpringBootWebPayment\target\classes started by Administrator in C:\Users\Administrator\Documents\workspace-spring-tool-suite-4-4.11.0.RELEASE\SpringBootWebPayment)
2021-11-28 14:18:10.271  INFO 5240 --- [restartedMain] c.p.s.SpringBootWebPaymentApplication    : No active profile set, falling back to default profiles: default
2021-11-28 14:18:10.342  INFO 5240 --- [restartedMain] .e.DevToolsPropertyDefaultsPostProcessor : Devtools property defaults active! Set 'spring.devtools.add-properties' to 'false' to disable
2021-11-28 14:18:10.342  INFO 5240 --- [restartedMain] .e.DevToolsPropertyDefaultsPostProcessor : For additional web related logging consider setting the 'logging.level.web' property to 'DEBUG'
2021-11-28 14:18:11.377  INFO 5240 --- [restartedMain] .s.d.r.c.RepositoryConfigurationDelegate : Multiple Spring Data modules found, entering strict repository configuration mode!
2021-11-28 14:18:11.379  INFO 5240 --- [restartedMain] .s.d.r.c.RepositoryConfigurationDelegate : Bootstrapping Spring Data JDBC repositories in DEFAULT mode.
2021-11-28 14:18:11.413  INFO 5240 --- [restartedMain] .RepositoryConfigurationExtensionSupport : Spring Data JDBC - Could not safely identify store assignment for repository candidate interface com.payment.spring.repository.BankRepository. If you want this repository to be a JDBC repository, consider annotating your entities with one of these annotations: org.springframework.data.relational.core.mapping.Table.
2021-11-28 14:18:11.415  INFO 5240 --- [restartedMain] .RepositoryConfigurationExtensionSupport : Spring Data JDBC - Could not safely identify store assignment for repository candidate interface com.payment.spring.repository.CustomerRepository. If you want this repository to be a JDBC repository, consider annotating your entities with one of these annotations: org.springframework.data.relational.core.mapping.Table.
2021-11-28 14:18:11.417  INFO 5240 --- [restartedMain] .RepositoryConfigurationExtensionSupport : Spring Data JDBC - Could not safely identify store assignment for repository candidate interface com.payment.spring.repository.TransactionRepository. If you want this repository to be a JDBC repository, consider annotating your entities with one of these annotations: org.springframework.data.relational.core.mapping.Table.
2021-11-28 14:18:11.418  INFO 5240 --- [restartedMain] .s.d.r.c.RepositoryConfigurationDelegate : Finished Spring Data repository scanning in 34 ms. Found 0 JDBC repository interfaces.
2021-11-28 14:18:11.432  INFO 5240 --- [restartedMain] .s.d.r.c.RepositoryConfigurationDelegate : Multiple Spring Data modules found, entering strict repository configuration mode!
2021-11-28 14:18:11.433  INFO 5240 --- [restartedMain] .s.d.r.c.RepositoryConfigurationDelegate : Bootstrapping Spring Data JPA repositories in DEFAULT mode.
2021-11-28 14:18:11.471  INFO 5240 --- [restartedMain] .s.d.r.c.RepositoryConfigurationDelegate : Finished Spring Data repository scanning in 32 ms. Found 3 JPA repository interfaces.
2021-11-28 14:18:12.243  INFO 5240 --- [restartedMain] o.s.b.w.embedded.tomcat.TomcatWebServer  : Tomcat initialized with port(s): 8080 (http)
2021-11-28 14:18:12.255  INFO 5240 --- [restartedMain] o.apache.catalina.core.StandardService   : Starting service [Tomcat]
2021-11-28 14:18:12.256  INFO 5240 --- [restartedMain] org.apache.catalina.core.StandardEngine  : Starting Servlet engine: [Apache Tomcat/9.0.54]
2021-11-28 14:18:12.375  INFO 5240 --- [restartedMain] o.a.c.c.C.[Tomcat].[localhost].[/]       : Initializing Spring embedded WebApplicationContext
2021-11-28 14:18:12.375  INFO 5240 --- [restartedMain] w.s.c.ServletWebServerApplicationContext : Root WebApplicationContext: initialization completed in 2032 ms
2021-11-28 14:18:12.417  INFO 5240 --- [restartedMain] com.zaxxer.hikari.HikariDataSource       : HikariPool-1 - Starting...
2021-11-28 14:18:12.504  INFO 5240 --- [restartedMain] com.zaxxer.hikari.HikariDataSource       : HikariPool-1 - Start completed.
2021-11-28 14:18:12.514  INFO 5240 --- [restartedMain] o.s.b.a.h2.H2ConsoleAutoConfiguration    : H2 console available at '/h2-console'. Database available at 'jdbc:mariadb://localhost:3307/paymentapp'
2021-11-28 14:18:12.707  INFO 5240 --- [restartedMain] o.hibernate.jpa.internal.util.LogHelper  : HHH000204: Processing PersistenceUnitInfo [name: default]
2021-11-28 14:18:12.765  INFO 5240 --- [restartedMain] org.hibernate.Version                    : HHH000412: Hibernate ORM core version 5.4.32.Final
2021-11-28 14:18:12.928  INFO 5240 --- [restartedMain] o.hibernate.annotations.common.Version   : HCANN000001: Hibernate Commons Annotations {5.1.2.Final}
2021-11-28 14:18:13.097  INFO 5240 --- [restartedMain] org.hibernate.dialect.Dialect            : HHH000400: Using dialect: org.hibernate.dialect.MariaDB103Dialect
2021-11-28 14:18:13.842  INFO 5240 --- [restartedMain] o.h.e.t.j.p.i.JtaPlatformInitiator       : HHH000490: Using JtaPlatform implementation: [org.hibernate.engine.transaction.jta.platform.internal.NoJtaPlatform]
2021-11-28 14:18:13.852  INFO 5240 --- [restartedMain] j.LocalContainerEntityManagerFactoryBean : Initialized JPA EntityManagerFactory for persistence unit 'default'
2021-11-28 14:18:14.775  WARN 5240 --- [restartedMain] JpaBaseConfiguration$JpaWebConfiguration : spring.jpa.open-in-view is enabled by default. Therefore, database queries may be performed during view rendering. Explicitly configure spring.jpa.open-in-view to disable this warning
2021-11-28 14:18:14.999  INFO 5240 --- [restartedMain] pertySourcedRequestMappingHandlerMapping : Mapped URL path [/v2/api-docs] onto method [springfox.documentation.swagger2.web.Swagger2Controller#getDocumentation(String, HttpServletRequest)]
2021-11-28 14:18:15.328  INFO 5240 --- [restartedMain] o.s.b.d.a.OptionalLiveReloadServer       : LiveReload server is running on port 35729
2021-11-28 14:18:15.695  INFO 5240 --- [restartedMain] o.s.b.w.embedded.tomcat.TomcatWebServer  : Tomcat started on port(s): 8080 (http) with context path ''
2021-11-28 14:18:15.696  INFO 5240 --- [restartedMain] d.s.w.p.DocumentationPluginsBootstrapper : Context refreshed
2021-11-28 14:18:15.837  INFO 5240 --- [restartedMain] d.s.w.p.DocumentationPluginsBootstrapper : Found 1 custom documentation plugin(s)
2021-11-28 14:18:15.872  INFO 5240 --- [restartedMain] s.d.s.w.s.ApiListingReferenceScanner     : Scanning for api listing references
2021-11-28 14:18:16.335  INFO 5240 --- [restartedMain] c.p.s.SpringBootWebPaymentApplication    : Started SpringBootWebPaymentApplication in 6.547 seconds (JVM running for 7.529)
2021-11-28 14:18:22.566  INFO 5240 --- [http-nio-8080-exec-1] o.a.c.c.C.[Tomcat].[localhost].[/]       : Initializing Spring DispatcherServlet 'dispatcherServlet'
2021-11-28 14:18:22.566  INFO 5240 --- [http-nio-8080-exec-1] o.s.web.servlet.DispatcherServlet        : Initializing Servlet 'dispatcherServlet'
2021-11-28 14:18:22.568  INFO 5240 --- [http-nio-8080-exec-1] o.s.web.servlet.DispatcherServlet        : Completed initialization in 2 ms
2021-11-28 14:19:05.152  INFO 5240 --- [http-nio-8080-exec-3] c.p.spring.controller.BankController     : bank id verification
2021-11-28 14:19:05.152  INFO 5240 --- [http-nio-8080-exec-3] com.payment.spring.service.BankService   : getreciverdetails
2021-11-28 14:21:04.645  INFO 5240 --- [http-nio-8080-exec-6] c.p.spring.controller.BankController     : bank id verification
2021-11-28 14:21:04.645  INFO 5240 --- [http-nio-8080-exec-6] com.payment.spring.service.BankService   : getreciverdetails
2021-11-28 14:21:16.253  INFO 5240 --- [http-nio-8080-exec-8] c.p.s.controller.CustomerController      : Name Verification
2021-11-28 14:21:48.765  INFO 5240 --- [http-nio-8080-exec-9] c.p.s.controller.CustomerController      : customerID verification
2021-11-28 14:22:00.003  INFO 5240 --- [http-nio-8080-exec-10] c.p.spring.controller.BankController     : bank id verification
2021-11-28 14:22:00.004  INFO 5240 --- [http-nio-8080-exec-10] com.payment.spring.service.BankService   : getreciverdetails
2021-11-28 14:25:12.682  INFO 5240 --- [http-nio-8080-exec-5] c.p.s.controller.CustomerController      : Name Verification
2021-11-28 14:26:29.500  INFO 5240 --- [http-nio-8080-exec-7] c.p.s.controller.CustomerController      : customerID verification
2021-11-28 14:26:33.090  INFO 5240 --- [http-nio-8080-exec-8] c.p.spring.controller.BankController     : bank id verification
2021-11-28 14:26:33.091  INFO 5240 --- [http-nio-8080-exec-8] com.payment.spring.service.BankService   : getreciverdetails
2021-11-28 14:27:08.390  INFO 5240 --- [http-nio-8080-exec-9] c.p.s.controller.CustomerController      : Name Verification
2021-11-28 14:28:44.213  INFO 5240 --- [http-nio-8080-exec-4] c.p.s.controller.CustomerController      : customerID verification
2021-11-28 14:28:46.931  INFO 5240 --- [http-nio-8080-exec-5] c.p.spring.controller.BankController     : bank id verification
2021-11-28 14:28:46.932  INFO 5240 --- [http-nio-8080-exec-5] com.payment.spring.service.BankService   : getreciverdetails
2021-11-28 14:28:54.471  INFO 5240 --- [http-nio-8080-exec-6] c.p.s.controller.CustomerController      : Name Verification
2021-11-28 14:30:52.959  INFO 5240 --- [http-nio-8080-exec-2] c.p.spring.service.TransactionService    : insertTransaction
2021-11-28 14:31:00.165  INFO 5240 --- [http-nio-8080-exec-2] c.p.spring.service.CustomerService       : sendMoney
2021-11-28 14:31:00.165  INFO 5240 --- [http-nio-8080-exec-2] c.p.spring.service.CustomerService       : findCustomerById
2021-11-28 14:31:01.103  INFO 5240 --- [http-nio-8080-exec-3] c.p.spring.service.TransactionService    : insertTransaction
2021-11-28 14:31:06.008  INFO 5240 --- [http-nio-8080-exec-5] c.p.spring.service.TransactionService    : insertTransaction
2021-11-28 14:31:10.902  INFO 5240 --- [http-nio-8080-exec-6] c.p.s.controller.CustomerController      : customerID verification
2021-11-28 14:31:13.492  INFO 5240 --- [http-nio-8080-exec-7] c.p.spring.controller.BankController     : bank id verification
2021-11-28 14:31:13.492  INFO 5240 --- [http-nio-8080-exec-7] com.payment.spring.service.BankService   : getreciverdetails
2021-11-28 14:31:17.793  INFO 5240 --- [http-nio-8080-exec-8] c.p.s.controller.CustomerController      : Name Verification
2021-11-28 14:31:42.011  INFO 5240 --- [http-nio-8080-exec-9] c.p.spring.service.TransactionService    : insertTransaction
2021-11-28 14:31:49.268  INFO 5240 --- [http-nio-8080-exec-9] c.p.spring.service.CustomerService       : sendMoney
2021-11-28 14:31:49.269  INFO 5240 --- [http-nio-8080-exec-9] c.p.spring.service.CustomerService       : findCustomerById
2021-11-28 14:35:46.467  INFO 5240 --- [http-nio-8080-exec-2] c.p.spring.service.TransactionService    : insertTransaction
2021-11-28 14:35:53.526  INFO 5240 --- [http-nio-8080-exec-4] c.p.s.controller.CustomerController      : customerID verification
2021-11-28 14:36:02.462  INFO 5240 --- [http-nio-8080-exec-3] c.p.spring.controller.BankController     : bank id verification
2021-11-28 14:36:02.463  INFO 5240 --- [http-nio-8080-exec-3] com.payment.spring.service.BankService   : getreciverdetails
2021-11-28 14:36:07.965  INFO 5240 --- [http-nio-8080-exec-6] c.p.s.controller.CustomerController      : Name Verification
2021-11-28 14:36:34.693  INFO 5240 --- [http-nio-8080-exec-7] c.p.spring.service.TransactionService    : insertTransaction
2021-11-28 14:36:41.743  INFO 5240 --- [http-nio-8080-exec-7] c.p.spring.service.CustomerService       : sendMoney
2021-11-28 14:36:41.744  INFO 5240 --- [http-nio-8080-exec-7] c.p.spring.service.CustomerService       : findCustomerById
2021-11-28 14:41:23.954  INFO 5240 --- [http-nio-8080-exec-8] c.p.spring.service.TransactionService    : insertTransaction
2021-11-28 14:41:31.545  INFO 5240 --- [http-nio-8080-exec-8] c.p.spring.service.CustomerService       : sendMoney
2021-11-28 14:41:31.545  INFO 5240 --- [http-nio-8080-exec-8] c.p.spring.service.CustomerService       : findCustomerById
2021-11-28 14:41:56.987  INFO 5240 --- [http-nio-8080-exec-9] c.p.s.controller.CustomerController      : customerID verification
2021-11-28 14:42:00.174  INFO 5240 --- [http-nio-8080-exec-10] c.p.spring.controller.BankController     : bank id verification
2021-11-28 14:42:00.174  INFO 5240 --- [http-nio-8080-exec-10] com.payment.spring.service.BankService   : getreciverdetails
2021-11-28 14:42:04.571  INFO 5240 --- [http-nio-8080-exec-1] c.p.s.controller.CustomerController      : Name Verification
2021-11-28 14:43:29.344  INFO 5240 --- [http-nio-8080-exec-4] c.p.spring.service.TransactionService    : insertTransaction
2021-11-28 14:49:25.352  INFO 5240 --- [http-nio-8080-exec-6] c.p.s.controller.CustomerController      : customerID verification
2021-11-28 14:49:28.120  INFO 5240 --- [http-nio-8080-exec-7] c.p.spring.controller.BankController     : bank id verification
2021-11-28 14:49:28.120  INFO 5240 --- [http-nio-8080-exec-7] com.payment.spring.service.BankService   : getreciverdetails
2021-11-28 14:49:33.496  INFO 5240 --- [http-nio-8080-exec-5] c.p.s.controller.CustomerController      : Name Verification
2021-11-28 14:49:56.601  INFO 5240 --- [http-nio-8080-exec-8] c.p.spring.service.TransactionService    : insertTransaction
2021-11-28 14:50:03.435  INFO 5240 --- [http-nio-8080-exec-8] c.p.spring.service.CustomerService       : sendMoney
2021-11-28 14:50:03.435  INFO 5240 --- [http-nio-8080-exec-8] c.p.spring.service.CustomerService       : findCustomerById
2021-11-28 14:50:07.210  INFO 5240 --- [http-nio-8080-exec-10] c.p.spring.service.TransactionService    : insertTransaction
2021-11-28 14:50:31.279  INFO 5240 --- [http-nio-8080-exec-1] c.p.s.controller.CustomerController      : customerID verification
2021-11-28 14:53:35.874  INFO 5240 --- [http-nio-8080-exec-3] c.p.spring.service.TransactionService    : insertTransaction
2021-11-28 14:55:25.064  INFO 5240 --- [http-nio-8080-exec-7] c.p.spring.controller.BankController     : bank id verification
2021-11-28 14:55:25.065  INFO 5240 --- [http-nio-8080-exec-7] com.payment.spring.service.BankService   : getreciverdetails
2021-11-28 14:55:28.931  INFO 5240 --- [http-nio-8080-exec-5] c.p.s.controller.CustomerController      : Name Verification
2021-11-28 15:10:46.283  INFO 5240 --- [http-nio-8080-exec-10] c.p.spring.service.TransactionService    : insertTransaction
2021-11-28 15:11:05.818  INFO 5240 --- [http-nio-8080-exec-1] c.p.s.controller.CustomerController      : customerID verification
2021-11-28 15:11:14.911  INFO 5240 --- [http-nio-8080-exec-2] c.p.s.controller.CustomerController      : customerID verification
2021-11-28 15:11:24.126  INFO 5240 --- [http-nio-8080-exec-4] c.p.spring.controller.BankController     : bank id verification
2021-11-28 15:11:24.126  INFO 5240 --- [http-nio-8080-exec-4] com.payment.spring.service.BankService   : getreciverdetails
2021-11-28 15:11:34.054  INFO 5240 --- [http-nio-8080-exec-3] c.p.s.controller.CustomerController      : Name Verification
2021-11-28 15:11:52.621  INFO 5240 --- [http-nio-8080-exec-6] c.p.s.controller.CustomerController      : Name Verification
2021-11-28 15:12:27.644  INFO 5240 --- [http-nio-8080-exec-7] c.p.spring.service.TransactionService    : insertTransaction
2021-11-28 15:12:34.760  INFO 5240 --- [http-nio-8080-exec-7] c.p.spring.service.CustomerService       : sendMoney
2021-11-28 15:12:34.761  INFO 5240 --- [http-nio-8080-exec-7] c.p.spring.service.CustomerService       : findCustomerById
2021-11-28 15:12:36.648  INFO 5240 --- [http-nio-8080-exec-9] c.p.spring.service.TransactionService    : insertTransaction
2021-11-28 15:12:41.009  INFO 5240 --- [http-nio-8080-exec-8] c.p.s.controller.CustomerController      : customerID verification
2021-11-28 15:12:43.079  INFO 5240 --- [http-nio-8080-exec-10] c.p.spring.controller.BankController     : bank id verification
2021-11-28 15:12:43.079  INFO 5240 --- [http-nio-8080-exec-10] com.payment.spring.service.BankService   : getreciverdetails
2021-11-28 15:12:46.589  INFO 5240 --- [http-nio-8080-exec-1] c.p.s.controller.CustomerController      : Name Verification
2021-11-28 15:13:03.628  INFO 5240 --- [http-nio-8080-exec-2] c.p.spring.service.TransactionService    : insertTransaction
2021-11-28 15:13:10.950  INFO 5240 --- [http-nio-8080-exec-2] c.p.spring.service.CustomerService       : sendMoney
2021-11-28 15:13:10.951  INFO 5240 --- [http-nio-8080-exec-2] c.p.spring.service.CustomerService       : findCustomerById
2021-11-28 15:15:27.478  INFO 5240 --- [http-nio-8080-exec-5] c.p.spring.service.TransactionService    : insertTransaction
2021-11-28 15:16:42.870  INFO 5240 --- [http-nio-8080-exec-8] c.p.spring.service.TransactionService    : insertTransaction
2021-11-28 15:16:45.869  INFO 5240 --- [http-nio-8080-exec-10] c.p.spring.service.TransactionService    : insertTransaction
2021-11-28 16:51:41.003  INFO 5240 --- [http-nio-8080-exec-4] c.p.spring.service.TransactionService    : insertTransaction
2021-11-28 16:52:47.528  INFO 5240 --- [http-nio-8080-exec-3] c.p.spring.service.TransactionService    : insertTransaction
2021-11-28 16:52:48.761  INFO 5240 --- [http-nio-8080-exec-6] c.p.spring.service.TransactionService    : insertTransaction
2021-11-28 16:53:11.635  INFO 5240 --- [http-nio-8080-exec-5] c.p.spring.service.TransactionService    : insertTransaction
2021-11-28 17:00:42.084  INFO 5240 --- [http-nio-8080-exec-8] c.p.spring.service.TransactionService    : insertTransaction
2021-11-28 17:00:57.367  INFO 5240 --- [http-nio-8080-exec-10] c.p.spring.service.TransactionService    : insertTransaction
2021-11-28 17:00:59.036  INFO 5240 --- [http-nio-8080-exec-9] c.p.spring.service.TransactionService    : insertTransaction
2021-11-28 17:01:00.140  INFO 5240 --- [http-nio-8080-exec-1] c.p.spring.service.TransactionService    : insertTransaction
2021-11-28 17:01:02.083  INFO 5240 --- [http-nio-8080-exec-2] c.p.spring.service.TransactionService    : insertTransaction
2021-11-28 17:01:03.238  INFO 5240 --- [http-nio-8080-exec-4] c.p.spring.service.TransactionService    : insertTransaction
2021-11-28 17:01:10.052  INFO 5240 --- [http-nio-8080-exec-3] c.p.spring.service.TransactionService    : insertTransaction
2021-11-28 17:01:13.372  INFO 5240 --- [http-nio-8080-exec-6] c.p.spring.service.TransactionService    : insertTransaction
2021-11-28 17:02:29.192  INFO 5240 --- [http-nio-8080-exec-7] c.p.spring.service.TransactionService    : insertTransaction
2021-11-28 17:02:33.259  INFO 5240 --- [http-nio-8080-exec-8] c.p.spring.service.TransactionService    : insertTransaction
2021-11-28 17:02:36.154  INFO 5240 --- [http-nio-8080-exec-10] c.p.spring.service.TransactionService    : insertTransaction
2021-11-28 17:02:38.289  INFO 5240 --- [http-nio-8080-exec-9] c.p.spring.service.TransactionService    : insertTransaction
2021-11-28 17:03:33.445  INFO 5240 --- [http-nio-8080-exec-1] c.p.spring.service.TransactionService    : insertTransaction
2021-11-28 17:03:34.126  INFO 5240 --- [http-nio-8080-exec-2] c.p.spring.service.TransactionService    : insertTransaction
2021-11-28 17:04:23.938  INFO 5240 --- [http-nio-8080-exec-4] c.p.spring.service.TransactionService    : insertTransaction
2021-11-28 17:04:41.357  INFO 5240 --- [http-nio-8080-exec-3] c.p.spring.service.TransactionService    : insertTransaction
2021-11-28 17:04:47.033  INFO 5240 --- [http-nio-8080-exec-6] c.p.spring.service.TransactionService    : insertTransaction
2021-11-28 17:06:06.665  INFO 5240 --- [http-nio-8080-exec-7] c.p.spring.service.TransactionService    : insertTransaction
2021-11-28 17:06:59.545  INFO 5240 --- [http-nio-8080-exec-8] c.p.spring.service.TransactionService    : insertTransaction
2021-11-28 17:07:52.650  INFO 5240 --- [http-nio-8080-exec-10] c.p.spring.service.TransactionService    : insertTransaction
2021-11-28 17:07:53.345  INFO 5240 --- [http-nio-8080-exec-9] c.p.spring.service.TransactionService    : insertTransaction
2021-11-28 17:10:02.853  INFO 5240 --- [http-nio-8080-exec-2] c.p.spring.service.TransactionService    : insertTransaction
2021-11-28 17:28:22.896  INFO 5240 --- [http-nio-8080-exec-7] c.p.spring.service.TransactionService    : insertTransaction
